<?xml version="1.0" encoding="UTF-8"?>
<!-- Generated by org.testng.reporters.JUnitXMLReporter -->
<testsuite ignored="0" hostname="DESKTOP-COMO8TK" failures="0" tests="5" name="APIUsingRestassured" time="7.456" errors="0" timestamp="2024-09-26T16:41:32 EEST">
  <testcase classname="com.Swagger.APITesting.users.UsersTest" name="testPostUser" time="5.554"/>
  <testcase classname="com.Swagger.APITesting.users.UsersTest" name="getUserWithQueryParam" time="0.434"/>
  <testcase classname="com.Swagger.APITesting.users.UsersTest" name="testPUTtUser" time="0.39"/>
  <testcase classname="com.Swagger.APITesting.users.UsersTest" name="testGetUsers" time="0.35"/>
  <testcase classname="com.Swagger.APITesting.users.UsersTest" name="testDeleteActivity" time="0.597"/>
</testsuite> <!-- APIUsingRestassured -->
